C:\Program Files (x86)\MSBuild\Microsoft.Cpp\v4.0\V140\Microsoft.CppBuild.targets(392,5): warning MSB8028: The intermediate directory (E:\exercise\vs2015\lzwgitHub\Hecate\Build\Bin\Debug\) contains files shared from another project (HCMotionCalculator.vcxproj, HecateCopy.vcxproj).  This can lead to incorrect clean and rebuild behavior.
  Moc'ing ApplicationCommon.h...
  Moc'ing DocumentCommon.h...
  Moc'ing Material.h...
  Moc'ing MDIWindow.h...
  Moc'ing PartPropertyForm.h...
  Moc'ing lzwmodeltree.h...
  Moc'ing View.h...
  Moc'ing Transparency.h...
  ApplicationCommon.cpp
  DocumentCommon.cxx
  moc_ApplicationCommon.cpp
  moc_DocumentCommon.cpp
  moc_lzwmodeltree.cpp
  moc_Material.cpp
  moc_MDIWindow.cpp
  moc_PartPropertyForm.cpp
  moc_Transparency.cpp
  moc_View.cpp
  ImportOCAF.cpp
  lzwmodeltree.cpp
  main.cpp
  MakeBottle.cxx
  Material.cxx
  MDIWindow.cxx
  OcctWindow.cxx
  PartModel.cpp
  PartPropertyForm.cpp
  Transparency.cxx
  正在生成代码...
  正在编译...
  View.cxx
  正在生成代码...
    正在创建库 E:\exercise\vs2015\lzwgitHub\Hecate\Build\Bin\Win32\Debug\Hecate.lib 和对象 E:\exercise\vs2015\lzwgitHub\Hecate\Build\Bin\Win32\Debug\Hecate.exp
  Hecate.vcxproj -> E:\exercise\vs2015\lzwgitHub\Hecate\Build\Bin\Win32\Debug\Hecate.exe
  Hecate.vcxproj -> E:\exercise\vs2015\lzwgitHub\Hecate\Build\Bin\Win32\Debug\Hecate.pdb (Full PDB)
